<?xml version="1.0" encoding="UTF-8"?>
<!-- Generated by org.testng.reporters.JUnitXMLReporter -->
<testsuite hostname="LAPTOP-2G86F66K" ignored="3" name="CloudBlaze Tests" tests="10" failures="0" timestamp="14 Apr 2020 12:02:19 GMT" time="16.486" errors="0">
  <testcase name="@BeforeTest init" time="16.304" classname="com.CloudBlaze.Base.BaseClass">
    <failure type="org.openqa.selenium.SessionNotCreatedException" message="session not created
from chrome not reachable
  (Session info: chrome=80.0.3987.163)
Build info: version: &amp;apos;3.12.0&amp;apos;, revision: &amp;apos;7c6e0b3&amp;apos;, time: &amp;apos;2018-05-08T14:04:26.12Z&amp;apos;
System info: host: &amp;apos;LAPTOP-2G86F66K&amp;apos;, ip: &amp;apos;192.168.29.96&amp;apos;, os.name: &amp;apos;Windows 10&amp;apos;, os.arch: &amp;apos;amd64&amp;apos;, os.version: &amp;apos;10.0&amp;apos;, java.version: &amp;apos;1.8.0_181&amp;apos;
Driver info: driver.version: ChromeDriver
remote stacktrace: Backtrace:
	Ordinal0 [0x00220AE3+1706723]
	Ordinal0 [0x001868C1+1075393]
	Ordinal0 [0x000FDE52+515666]
	Ordinal0 [0x000F7C88+490632]
	Ordinal0 [0x000F837B+492411]
	Ordinal0 [0x000F92D5+496341]
	Ordinal0 [0x000F4EE5+478949]
	Ordinal0 [0x000FEC80+519296]
	Ordinal0 [0x000ACA67+182887]
	Ordinal0 [0x000ABDDD+179677]
	Ordinal0 [0x000A9D4B+171339]
	Ordinal0 [0x00091D4A+73034]
	Ordinal0 [0x00092DC0+77248]
	Ordinal0 [0x00092D59+77145]
	Ordinal0 [0x0019BB37+1162039]
	GetHandleVerifier [0x002BA7C6+508998]
	GetHandleVerifier [0x002BA504+508292]
	GetHandleVerifier [0x002CF617+594583]
	GetHandleVerifier [0x002BB036+511158]
	Ordinal0 [0x00193FFC+1130492]
	Ordinal0 [0x0019D49B+1168539]
	Ordinal0 [0x0019D603+1168899]
	Ordinal0 [0x001B5B05+1268485]
	BaseThreadInitThunk [0x770E6359+25]
	RtlGetAppContainerNamedObjectPath [0x77697B74+228]
	RtlGetAppContainerNamedObjectPath [0x77697B44+180]
	(No symbol) [0x00000000]
">
      <![CDATA[org.openqa.selenium.SessionNotCreatedException: session not created
from chrome not reachable
  (Session info: chrome=80.0.3987.163)
Build info: version: '3.12.0', revision: '7c6e0b3', time: '2018-05-08T14:04:26.12Z'
System info: host: 'LAPTOP-2G86F66K', ip: '192.168.29.96', os.name: 'Windows 10', os.arch: 'amd64', os.version: '10.0', java.version: '1.8.0_181'
Driver info: driver.version: ChromeDriver
remote stacktrace: Backtrace:
Ordinal0 [0x00220AE3+1706723]
Ordinal0 [0x001868C1+1075393]
Ordinal0 [0x000FDE52+515666]
Ordinal0 [0x000F7C88+490632]
Ordinal0 [0x000F837B+492411]
Ordinal0 [0x000F92D5+496341]
Ordinal0 [0x000F4EE5+478949]
Ordinal0 [0x000FEC80+519296]
Ordinal0 [0x000ACA67+182887]
Ordinal0 [0x000ABDDD+179677]
Ordinal0 [0x000A9D4B+171339]
Ordinal0 [0x00091D4A+73034]
Ordinal0 [0x00092DC0+77248]
Ordinal0 [0x00092D59+77145]
Ordinal0 [0x0019BB37+1162039]
GetHandleVerifier [0x002BA7C6+508998]
GetHandleVerifier [0x002BA504+508292]
GetHandleVerifier [0x002CF617+594583]
GetHandleVerifier [0x002BB036+511158]
Ordinal0 [0x00193FFC+1130492]
Ordinal0 [0x0019D49B+1168539]
Ordinal0 [0x0019D603+1168899]
Ordinal0 [0x001B5B05+1268485]
BaseThreadInitThunk [0x770E6359+25]
RtlGetAppContainerNamedObjectPath [0x77697B74+228]
RtlGetAppContainerNamedObjectPath [0x77697B44+180]
(No symbol) [0x00000000]

at org.openqa.selenium.remote.W3CHandshakeResponse.lambda$new$0(W3CHandshakeResponse.java:57)
at org.openqa.selenium.remote.W3CHandshakeResponse.lambda$getResponseFunction$2(W3CHandshakeResponse.java:104)
at org.openqa.selenium.remote.ProtocolHandshake.lambda$createSession$0(ProtocolHandshake.java:123)
at java.util.stream.ReferencePipeline$3$1.accept(Unknown Source)
at java.util.Spliterators$ArraySpliterator.tryAdvance(Unknown Source)
at java.util.stream.ReferencePipeline.forEachWithCancel(Unknown Source)
at java.util.stream.AbstractPipeline.copyIntoWithCancel(Unknown Source)
at java.util.stream.AbstractPipeline.copyInto(Unknown Source)
at java.util.stream.AbstractPipeline.wrapAndCopyInto(Unknown Source)
at java.util.stream.FindOps$FindOp.evaluateSequential(Unknown Source)
at java.util.stream.AbstractPipeline.evaluate(Unknown Source)
at java.util.stream.ReferencePipeline.findFirst(Unknown Source)
at org.openqa.selenium.remote.ProtocolHandshake.createSession(ProtocolHandshake.java:126)
at org.openqa.selenium.remote.ProtocolHandshake.createSession(ProtocolHandshake.java:73)
at org.openqa.selenium.remote.HttpCommandExecutor.execute(HttpCommandExecutor.java:136)
at org.openqa.selenium.remote.service.DriverCommandExecutor.execute(DriverCommandExecutor.java:83)
at org.openqa.selenium.remote.RemoteWebDriver.execute(RemoteWebDriver.java:543)
at org.openqa.selenium.remote.RemoteWebDriver.startSession(RemoteWebDriver.java:207)
at org.openqa.selenium.remote.RemoteWebDriver.<init>(RemoteWebDriver.java:130)
at org.openqa.selenium.chrome.ChromeDriver.<init>(ChromeDriver.java:181)
at org.openqa.selenium.chrome.ChromeDriver.<init>(ChromeDriver.java:168)
at org.openqa.selenium.chrome.ChromeDriver.<init>(ChromeDriver.java:123)
at com.CloudBlaze.Base.BaseClass.init(BaseClass.java:75)
... Removed 28 stack frames]]>
    </failure>
  </testcase> <!-- @BeforeTest init -->
  <testcase name="@AfterMethod getResult" time="0.002" classname="com.CloudBlaze.Base.BaseClass">
    <failure type="java.lang.NullPointerException">
      <![CDATA[java.lang.NullPointerException
at com.CloudBlaze.Base.BaseClass.getResult(BaseClass.java:215)
... Removed 28 stack frames]]>
    </failure>
  </testcase> <!-- @AfterMethod getResult -->
  <testcase name="@AfterMethod getResult" time="0.001" classname="com.CloudBlaze.Base.BaseClass">
    <failure type="java.lang.NullPointerException">
      <![CDATA[java.lang.NullPointerException
at com.CloudBlaze.Base.BaseClass.getResult(BaseClass.java:215)
... Removed 28 stack frames]]>
    </failure>
  </testcase> <!-- @AfterMethod getResult -->
  <testcase name="verifySourceAdd" time="0.0" classname="com.Fullload_CDC.SqltoAzuresql">
    <skipped/>
  </testcase> <!-- verifySourceAdd -->
  <testcase name="verifyAddDestination" time="0.0" classname="com.Fullload_CDC.SqltoAzuresql">
    <skipped/>
  </testcase> <!-- verifyAddDestination -->
  <testcase name="verifyAddDataFlow" time="0.0" classname="com.Fullload_CDC.SqltoAzuresql">
    <skipped/>
  </testcase> <!-- verifyAddDataFlow -->
  <testcase name="verifyScheduledFlow" time="0.0" classname="com.Fullload_CDC.SqltoAzuresql">
    <skipped/>
  </testcase> <!-- verifyScheduledFlow -->
  <testcase name="verifyFlowOnMontioringScreen" time="0.0" classname="com.Fullload_CDC.SqltoAzuresql">
    <skipped/>
  </testcase> <!-- verifyFlowOnMontioringScreen -->
  <testcase name="verifySourceAdd" time="0.0" classname="com.Fullload_CDC.SqlToAdlsDM">
    <skipped/>
  </testcase> <!-- verifySourceAdd -->
  <testcase name="verifyAddDestination" time="0.0" classname="com.Fullload_CDC.SqlToAdlsDM">
    <skipped/>
  </testcase> <!-- verifyAddDestination -->
  <testcase name="verifyAddDataFlow" time="0.0" classname="com.Fullload_CDC.SqlToAdlsDM">
    <skipped/>
  </testcase> <!-- verifyAddDataFlow -->
  <testcase name="verifyScheduledFlow" time="0.0" classname="com.Fullload_CDC.SqlToAdlsDM">
    <skipped/>
  </testcase> <!-- verifyScheduledFlow -->
  <testcase name="verifyFlowOnMontioringScreen" time="0.0" classname="com.Fullload_CDC.SqlToAdlsDM">
    <skipped/>
  </testcase> <!-- verifyFlowOnMontioringScreen -->
  <testcase name="@AfterSuite tearDown" time="0.0" classname="com.CloudBlaze.Base.BaseClass">
    <ignored/>
  </testcase> <!-- @AfterSuite tearDown -->
  <testcase name="@BeforeTest Report" time="0.0" classname="com.CloudBlaze.Base.BaseClass">
    <ignored/>
  </testcase> <!-- @BeforeTest Report -->
  <testcase name="@BeforeTest init" time="0.0" classname="com.CloudBlaze.Base.BaseClass">
    <ignored/>
  </testcase> <!-- @BeforeTest init -->
</testsuite> <!-- CloudBlaze Tests -->
