<?xml version="1.0" encoding="UTF-8"?>
<testng-results skipped="0" failed="0" ignored="0" total="5" passed="5">
  <reporter-output>
  </reporter-output>
  <suite name="CloudBlaze Automation" duration-ms="293821" started-at="2020-04-01T10:10:36Z" finished-at="2020-04-01T10:15:30Z">
    <groups>
      <group name="Smoke">
        <method signature="SqltoAzuresql.verifySourceAdd()[pri:1, instance:com.Fullload_CDC.SqltoAzuresql@72cde7cc]" name="verifySourceAdd" class="com.Fullload_CDC.SqltoAzuresql"/>
        <method signature="SqltoAzuresql.verifyAddDestination()[pri:2, instance:com.Fullload_CDC.SqltoAzuresql@72cde7cc]" name="verifyAddDestination" class="com.Fullload_CDC.SqltoAzuresql"/>
        <method signature="SqltoAzuresql.verifyAddDataFlow()[pri:3, instance:com.Fullload_CDC.SqltoAzuresql@72cde7cc]" name="verifyAddDataFlow" class="com.Fullload_CDC.SqltoAzuresql"/>
        <method signature="SqltoAzuresql.verifyScheduledFlow()[pri:4, instance:com.Fullload_CDC.SqltoAzuresql@72cde7cc]" name="verifyScheduledFlow" class="com.Fullload_CDC.SqltoAzuresql"/>
        <method signature="SqltoAzuresql.verifyFlowOnMontioringScreen()[pri:5, instance:com.Fullload_CDC.SqltoAzuresql@72cde7cc]" name="verifyFlowOnMontioringScreen" class="com.Fullload_CDC.SqltoAzuresql"/>
      </group> <!-- Smoke -->
    </groups>
    <test name="CloudBlaze Tests" duration-ms="293821" started-at="2020-04-01T10:10:36Z" finished-at="2020-04-01T10:15:30Z">
      <class name="com.Fullload_CDC.SqltoAzuresql">
        <test-method status="PASS" signature="Report(java.lang.String)[pri:0, instance:com.Fullload_CDC.SqltoAzuresql@72cde7cc]" name="Report" is-config="true" duration-ms="136" started-at="2020-04-01T10:10:36Z" finished-at="2020-04-01T10:10:36Z">
          <params>
            <param index="0">
              <value>
                <![CDATA[https://cloudblaze-ui-react.azurewebsites.net/#]]>
              </value>
            </param>
          </params>
          <reporter-output>
          </reporter-output>
        </test-method> <!-- Report -->
        <test-method status="PASS" signature="init(java.lang.String)[pri:0, instance:com.Fullload_CDC.SqltoAzuresql@72cde7cc]" name="init" is-config="true" duration-ms="29747" started-at="2020-04-01T10:10:36Z" finished-at="2020-04-01T10:11:06Z">
          <params>
            <param index="0">
              <value>
                <![CDATA[https://cloudblaze-ui-react.azurewebsites.net/#]]>
              </value>
            </param>
          </params>
          <reporter-output>
          </reporter-output>
        </test-method> <!-- init -->
        <test-method status="PASS" signature="verifySourceAdd()[pri:1, instance:com.Fullload_CDC.SqltoAzuresql@72cde7cc]" name="verifySourceAdd" duration-ms="50921" started-at="2020-04-01T10:11:06Z" finished-at="2020-04-01T10:11:57Z">
          <reporter-output>
          </reporter-output>
        </test-method> <!-- verifySourceAdd -->
        <test-method status="PASS" signature="getResult(org.testng.ITestResult)[pri:0, instance:com.Fullload_CDC.SqltoAzuresql@72cde7cc]" name="getResult" is-config="true" duration-ms="2" started-at="2020-04-01T10:11:57Z" finished-at="2020-04-01T10:11:57Z">
          <params>
            <param index="0">
              <value>
                <![CDATA[[TestResult name=verifySourceAdd status=SUCCESS method=SqltoAzuresql.verifySourceAdd()[pri:1, instance:com.Fullload_CDC.SqltoAzuresql@72cde7cc] output={null}]]]>
              </value>
            </param>
          </params>
          <reporter-output>
          </reporter-output>
        </test-method> <!-- getResult -->
        <test-method status="PASS" signature="verifyAddDestination()[pri:2, instance:com.Fullload_CDC.SqltoAzuresql@72cde7cc]" name="verifyAddDestination" duration-ms="20312" started-at="2020-04-01T10:11:57Z" depends-on-methods="com.Fullload_CDC.SqltoAzuresql.verifySourceAdd" finished-at="2020-04-01T10:12:17Z">
          <reporter-output>
          </reporter-output>
        </test-method> <!-- verifyAddDestination -->
        <test-method status="PASS" signature="verifyAddDataFlow()[pri:3, instance:com.Fullload_CDC.SqltoAzuresql@72cde7cc]" name="verifyAddDataFlow" duration-ms="42220" started-at="2020-04-01T10:12:17Z" depends-on-methods="com.Fullload_CDC.SqltoAzuresql.verifyAddDestination" finished-at="2020-04-01T10:13:00Z">
          <reporter-output>
          </reporter-output>
        </test-method> <!-- verifyAddDataFlow -->
        <test-method status="PASS" signature="getResult(org.testng.ITestResult)[pri:0, instance:com.Fullload_CDC.SqltoAzuresql@72cde7cc]" name="getResult" is-config="true" duration-ms="0" started-at="2020-04-01T10:12:17Z" finished-at="2020-04-01T10:12:17Z">
          <params>
            <param index="0">
              <value>
                <![CDATA[[TestResult name=verifyAddDestination status=SUCCESS method=SqltoAzuresql.verifyAddDestination()[pri:2, instance:com.Fullload_CDC.SqltoAzuresql@72cde7cc] output={null}]]]>
              </value>
            </param>
          </params>
          <reporter-output>
          </reporter-output>
        </test-method> <!-- getResult -->
        <test-method status="PASS" signature="getResult(org.testng.ITestResult)[pri:0, instance:com.Fullload_CDC.SqltoAzuresql@72cde7cc]" name="getResult" is-config="true" duration-ms="0" started-at="2020-04-01T10:13:00Z" finished-at="2020-04-01T10:13:00Z">
          <params>
            <param index="0">
              <value>
                <![CDATA[[TestResult name=verifyAddDataFlow status=SUCCESS method=SqltoAzuresql.verifyAddDataFlow()[pri:3, instance:com.Fullload_CDC.SqltoAzuresql@72cde7cc] output={null}]]]>
              </value>
            </param>
          </params>
          <reporter-output>
          </reporter-output>
        </test-method> <!-- getResult -->
        <test-method status="PASS" signature="verifyScheduledFlow()[pri:4, instance:com.Fullload_CDC.SqltoAzuresql@72cde7cc]" name="verifyScheduledFlow" duration-ms="17434" started-at="2020-04-01T10:13:00Z" depends-on-methods="com.Fullload_CDC.SqltoAzuresql.verifyAddDataFlow" finished-at="2020-04-01T10:13:17Z">
          <reporter-output>
          </reporter-output>
        </test-method> <!-- verifyScheduledFlow -->
        <test-method status="PASS" signature="getResult(org.testng.ITestResult)[pri:0, instance:com.Fullload_CDC.SqltoAzuresql@72cde7cc]" name="getResult" is-config="true" duration-ms="0" started-at="2020-04-01T10:13:17Z" finished-at="2020-04-01T10:13:17Z">
          <params>
            <param index="0">
              <value>
                <![CDATA[[TestResult name=verifyScheduledFlow status=SUCCESS method=SqltoAzuresql.verifyScheduledFlow()[pri:4, instance:com.Fullload_CDC.SqltoAzuresql@72cde7cc] output={null}]]]>
              </value>
            </param>
          </params>
          <reporter-output>
          </reporter-output>
        </test-method> <!-- getResult -->
        <test-method status="PASS" signature="verifyFlowOnMontioringScreen()[pri:5, instance:com.Fullload_CDC.SqltoAzuresql@72cde7cc]" name="verifyFlowOnMontioringScreen" duration-ms="133022" started-at="2020-04-01T10:13:17Z" depends-on-methods="com.Fullload_CDC.SqltoAzuresql.verifyScheduledFlow" finished-at="2020-04-01T10:15:30Z">
          <reporter-output>
          </reporter-output>
        </test-method> <!-- verifyFlowOnMontioringScreen -->
        <test-method status="PASS" signature="getResult(org.testng.ITestResult)[pri:0, instance:com.Fullload_CDC.SqltoAzuresql@72cde7cc]" name="getResult" is-config="true" duration-ms="1" started-at="2020-04-01T10:15:30Z" finished-at="2020-04-01T10:15:30Z">
          <params>
            <param index="0">
              <value>
                <![CDATA[[TestResult name=verifyFlowOnMontioringScreen status=SUCCESS method=SqltoAzuresql.verifyFlowOnMontioringScreen()[pri:5, instance:com.Fullload_CDC.SqltoAzuresql@72cde7cc] output={null}]]]>
              </value>
            </param>
          </params>
          <reporter-output>
          </reporter-output>
        </test-method> <!-- getResult -->
        <test-method status="PASS" signature="tearDown()[pri:0, instance:com.Fullload_CDC.SqltoAzuresql@72cde7cc]" name="tearDown" is-config="true" duration-ms="205" started-at="2020-04-01T10:15:30Z" finished-at="2020-04-01T10:15:30Z">
          <reporter-output>
          </reporter-output>
        </test-method> <!-- tearDown -->
      </class> <!-- com.Fullload_CDC.SqltoAzuresql -->
    </test> <!-- CloudBlaze Tests -->
  </suite> <!-- CloudBlaze Automation -->
</testng-results>
