<?xml version="1.0" encoding="UTF-8"?>
<testng-results skipped="0" failed="0" ignored="0" total="1" passed="1">
  <reporter-output>
  </reporter-output>
  <suite name="CloudBlaze Automation" duration-ms="32879" started-at="2020-03-24T13:12:41Z" finished-at="2020-03-24T13:13:14Z">
    <groups>
      <group name="Smoke">
        <method signature="UserRoles.VerifyUserRolesPage()[pri:1, instance:com.CloudBlaze.UserSecurity.UserRoles@6dde5c8c]" name="VerifyUserRolesPage" class="com.CloudBlaze.UserSecurity.UserRoles"/>
      </group> <!-- Smoke -->
    </groups>
    <test name="CloudBlaze Tests" duration-ms="32879" started-at="2020-03-24T13:12:41Z" finished-at="2020-03-24T13:13:14Z">
      <class name="com.CloudBlaze.UserSecurity.UserRoles">
        <test-method status="PASS" signature="Report(java.lang.String)[pri:0, instance:com.CloudBlaze.UserSecurity.UserRoles@6dde5c8c]" name="Report" is-config="true" duration-ms="156" started-at="2020-03-24T13:12:41Z" finished-at="2020-03-24T13:12:41Z">
          <params>
            <param index="0">
              <value>
                <![CDATA[https://cloudblaze-ui-react.azurewebsites.net/#]]>
              </value>
            </param>
          </params>
          <reporter-output>
          </reporter-output>
        </test-method> <!-- Report -->
        <test-method status="PASS" signature="init(java.lang.String)[pri:0, instance:com.CloudBlaze.UserSecurity.UserRoles@6dde5c8c]" name="init" is-config="true" duration-ms="28592" started-at="2020-03-24T13:12:41Z" finished-at="2020-03-24T13:13:10Z">
          <params>
            <param index="0">
              <value>
                <![CDATA[https://cloudblaze-ui-react.azurewebsites.net/#]]>
              </value>
            </param>
          </params>
          <reporter-output>
          </reporter-output>
        </test-method> <!-- init -->
        <test-method status="PASS" signature="VerifyUserRolesPage()[pri:1, instance:com.CloudBlaze.UserSecurity.UserRoles@6dde5c8c]" name="VerifyUserRolesPage" duration-ms="4111" started-at="2020-03-24T13:13:10Z" finished-at="2020-03-24T13:13:14Z">
          <reporter-output>
          </reporter-output>
        </test-method> <!-- VerifyUserRolesPage -->
        <test-method status="PASS" signature="getResult(org.testng.ITestResult)[pri:0, instance:com.CloudBlaze.UserSecurity.UserRoles@6dde5c8c]" name="getResult" is-config="true" duration-ms="0" started-at="2020-03-24T13:13:14Z" finished-at="2020-03-24T13:13:14Z">
          <params>
            <param index="0">
              <value>
                <![CDATA[[TestResult name=VerifyUserRolesPage status=SUCCESS method=UserRoles.VerifyUserRolesPage()[pri:1, instance:com.CloudBlaze.UserSecurity.UserRoles@6dde5c8c] output={null}]]]>
              </value>
            </param>
          </params>
          <reporter-output>
          </reporter-output>
        </test-method> <!-- getResult -->
        <test-method status="PASS" signature="tearDown()[pri:0, instance:com.CloudBlaze.UserSecurity.UserRoles@6dde5c8c]" name="tearDown" is-config="true" duration-ms="200" started-at="2020-03-24T13:13:14Z" finished-at="2020-03-24T13:13:14Z">
          <reporter-output>
          </reporter-output>
        </test-method> <!-- tearDown -->
      </class> <!-- com.CloudBlaze.UserSecurity.UserRoles -->
    </test> <!-- CloudBlaze Tests -->
  </suite> <!-- CloudBlaze Automation -->
</testng-results>
