<?xml version="1.0" encoding="UTF-8"?>
<testng-results skipped="2" failed="1" ignored="6" total="30" passed="21">
  <reporter-output>
  </reporter-output>
  <suite name="CloudBlaze Automation" duration-ms="2692475" started-at="2020-04-13T13:18:40Z" finished-at="2020-04-13T14:03:32Z">
    <groups>
      <group name="Smoke">
        <method signature="FullLoad.verifySystemParams()[pri:11, instance:com.Fullload_CDC.FullLoad@429bffaa]" name="verifySystemParams" class="com.Fullload_CDC.FullLoad"/>
        <method signature="FullLoad.verifyServicePrinciple()[pri:12, instance:com.Fullload_CDC.FullLoad@429bffaa]" name="verifyServicePrinciple" class="com.Fullload_CDC.FullLoad"/>
        <method signature="FullLoad.verifySubscription()[pri:13, instance:com.Fullload_CDC.FullLoad@429bffaa]" name="verifySubscription" class="com.Fullload_CDC.FullLoad"/>
        <method signature="FullLoad.verifyAddDataFactory()[pri:14, instance:com.Fullload_CDC.FullLoad@429bffaa]" name="verifyAddDataFactory" class="com.Fullload_CDC.FullLoad"/>
        <method signature="FullLoad.verifyAddSendgrid()[pri:15, instance:com.Fullload_CDC.FullLoad@429bffaa]" name="verifyAddSendgrid" class="com.Fullload_CDC.FullLoad"/>
        <method signature="FullLoad.verifyAddAzureFunction()[pri:16, instance:com.Fullload_CDC.FullLoad@429bffaa]" name="verifyAddAzureFunction" class="com.Fullload_CDC.FullLoad"/>
        <method signature="FullLoad.verifySourceAdd()[pri:17, instance:com.Fullload_CDC.FullLoad@429bffaa]" name="verifySourceAdd" class="com.Fullload_CDC.FullLoad"/>
        <method signature="FullLoad.verifyAddDestination()[pri:18, instance:com.Fullload_CDC.FullLoad@429bffaa]" name="verifyAddDestination" class="com.Fullload_CDC.FullLoad"/>
        <method signature="FullLoad.verifyAddDataFlow()[pri:19, instance:com.Fullload_CDC.FullLoad@429bffaa]" name="verifyAddDataFlow" class="com.Fullload_CDC.FullLoad"/>
        <method signature="FullLoad.verifyScheduledFlow()[pri:20, instance:com.Fullload_CDC.FullLoad@429bffaa]" name="verifyScheduledFlow" class="com.Fullload_CDC.FullLoad"/>
        <method signature="FullLoad.verifyFlowOnMontioringScreen()[pri:21, instance:com.Fullload_CDC.FullLoad@429bffaa]" name="verifyFlowOnMontioringScreen" class="com.Fullload_CDC.FullLoad"/>
        <method signature="OracleToAdlsCDC.verifySourceAdd()[pri:31, instance:com.Fullload_CDC.OracleToAdlsCDC@28f3b248]" name="verifySourceAdd" class="com.Fullload_CDC.OracleToAdlsCDC"/>
        <method signature="OracleToAdlsCDC.verifyAddDestination()[pri:32, instance:com.Fullload_CDC.OracleToAdlsCDC@28f3b248]" name="verifyAddDestination" class="com.Fullload_CDC.OracleToAdlsCDC"/>
        <method signature="OracleToAdlsCDC.verifyAddDataFlow()[pri:33, instance:com.Fullload_CDC.OracleToAdlsCDC@28f3b248]" name="verifyAddDataFlow" class="com.Fullload_CDC.OracleToAdlsCDC"/>
        <method signature="OracleToAdlsCDC.verifyScheduledFlow()[pri:34, instance:com.Fullload_CDC.OracleToAdlsCDC@28f3b248]" name="verifyScheduledFlow" class="com.Fullload_CDC.OracleToAdlsCDC"/>
        <method signature="OracleToAdlsCDC.verifyDataFlowOnMontioringScreen()[pri:35, instance:com.Fullload_CDC.OracleToAdlsCDC@28f3b248]" name="verifyDataFlowOnMontioringScreen" class="com.Fullload_CDC.OracleToAdlsCDC"/>
        <method signature="OracleToAdlsCDC.verifyDeleteScheduledFlow()[pri:36, instance:com.Fullload_CDC.OracleToAdlsCDC@28f3b248]" name="verifyDeleteScheduledFlow" class="com.Fullload_CDC.OracleToAdlsCDC"/>
        <method signature="OracleToAdlsCDC.verifyRescheduled()[pri:37, instance:com.Fullload_CDC.OracleToAdlsCDC@28f3b248]" name="verifyRescheduled" class="com.Fullload_CDC.OracleToAdlsCDC"/>
        <method signature="OracleToAdlsCDC.verifyFlowOnMontioringScren()[pri:38, instance:com.Fullload_CDC.OracleToAdlsCDC@28f3b248]" name="verifyFlowOnMontioringScren" class="com.Fullload_CDC.OracleToAdlsCDC"/>
        <method signature="SqltoAzuresql.verifySourceAdd()[pri:1, instance:com.Fullload_CDC.SqltoAzuresql@3c73951]" name="verifySourceAdd" class="com.Fullload_CDC.SqltoAzuresql"/>
        <method signature="SqltoAzuresql.verifyAddDestination()[pri:2, instance:com.Fullload_CDC.SqltoAzuresql@3c73951]" name="verifyAddDestination" class="com.Fullload_CDC.SqltoAzuresql"/>
        <method signature="SqltoAzuresql.verifyAddDataFlow()[pri:3, instance:com.Fullload_CDC.SqltoAzuresql@3c73951]" name="verifyAddDataFlow" class="com.Fullload_CDC.SqltoAzuresql"/>
        <method signature="SqltoAzuresql.verifyScheduledFlow()[pri:4, instance:com.Fullload_CDC.SqltoAzuresql@3c73951]" name="verifyScheduledFlow" class="com.Fullload_CDC.SqltoAzuresql"/>
        <method signature="SqltoAzuresql.verifyFlowOnMontioringScreen()[pri:5, instance:com.Fullload_CDC.SqltoAzuresql@3c73951]" name="verifyFlowOnMontioringScreen" class="com.Fullload_CDC.SqltoAzuresql"/>
      </group> <!-- Smoke -->
    </groups>
    <test name="CloudBlaze Tests" duration-ms="2692475" started-at="2020-04-13T13:18:40Z" finished-at="2020-04-13T14:03:32Z">
      <class name="com.Fullload_CDC.OracleToAdlsCDC">
        <test-method status="PASS" signature="verifySourceAdd()[pri:31, instance:com.Fullload_CDC.OracleToAdlsCDC@28f3b248]" name="verifySourceAdd" duration-ms="40980" started-at="2020-04-13T13:51:48Z" finished-at="2020-04-13T13:52:29Z">
          <reporter-output>
          </reporter-output>
        </test-method> <!-- verifySourceAdd -->
        <test-method status="PASS" signature="verifyAddDestination()[pri:32, instance:com.Fullload_CDC.OracleToAdlsCDC@28f3b248]" name="verifyAddDestination" duration-ms="16560" started-at="2020-04-13T13:52:29Z" depends-on-methods="com.Fullload_CDC.OracleToAdlsCDC.verifySourceAdd" finished-at="2020-04-13T13:52:46Z">
          <reporter-output>
          </reporter-output>
        </test-method> <!-- verifyAddDestination -->
        <test-method status="PASS" signature="getResult(org.testng.ITestResult)[pri:0, instance:com.Fullload_CDC.OracleToAdlsCDC@28f3b248]" name="getResult" is-config="true" duration-ms="0" started-at="2020-04-13T13:52:29Z" finished-at="2020-04-13T13:52:29Z">
          <params>
            <param index="0">
              <value>
                <![CDATA[[TestResult name=verifySourceAdd status=SUCCESS method=OracleToAdlsCDC.verifySourceAdd()[pri:31, instance:com.Fullload_CDC.OracleToAdlsCDC@28f3b248] output={null}]]]>
              </value>
            </param>
          </params>
          <reporter-output>
          </reporter-output>
        </test-method> <!-- getResult -->
        <test-method status="PASS" signature="getResult(org.testng.ITestResult)[pri:0, instance:com.Fullload_CDC.OracleToAdlsCDC@28f3b248]" name="getResult" is-config="true" duration-ms="1" started-at="2020-04-13T13:52:46Z" finished-at="2020-04-13T13:52:46Z">
          <params>
            <param index="0">
              <value>
                <![CDATA[[TestResult name=verifyAddDestination status=SUCCESS method=OracleToAdlsCDC.verifyAddDestination()[pri:32, instance:com.Fullload_CDC.OracleToAdlsCDC@28f3b248] output={null}]]]>
              </value>
            </param>
          </params>
          <reporter-output>
          </reporter-output>
        </test-method> <!-- getResult -->
        <test-method status="PASS" signature="verifyAddDataFlow()[pri:33, instance:com.Fullload_CDC.OracleToAdlsCDC@28f3b248]" name="verifyAddDataFlow" duration-ms="63964" started-at="2020-04-13T13:52:46Z" depends-on-methods="com.Fullload_CDC.OracleToAdlsCDC.verifyAddDestination" finished-at="2020-04-13T13:53:50Z">
          <reporter-output>
          </reporter-output>
        </test-method> <!-- verifyAddDataFlow -->
        <test-method status="PASS" signature="getResult(org.testng.ITestResult)[pri:0, instance:com.Fullload_CDC.OracleToAdlsCDC@28f3b248]" name="getResult" is-config="true" duration-ms="0" started-at="2020-04-13T13:53:50Z" finished-at="2020-04-13T13:53:50Z">
          <params>
            <param index="0">
              <value>
                <![CDATA[[TestResult name=verifyAddDataFlow status=SUCCESS method=OracleToAdlsCDC.verifyAddDataFlow()[pri:33, instance:com.Fullload_CDC.OracleToAdlsCDC@28f3b248] output={null}]]]>
              </value>
            </param>
          </params>
          <reporter-output>
          </reporter-output>
        </test-method> <!-- getResult -->
        <test-method status="PASS" signature="verifyScheduledFlow()[pri:34, instance:com.Fullload_CDC.OracleToAdlsCDC@28f3b248]" name="verifyScheduledFlow" duration-ms="20508" started-at="2020-04-13T13:53:50Z" depends-on-methods="com.Fullload_CDC.OracleToAdlsCDC.verifyAddDataFlow" finished-at="2020-04-13T13:54:10Z">
          <reporter-output>
          </reporter-output>
        </test-method> <!-- verifyScheduledFlow -->
        <test-method status="PASS" signature="getResult(org.testng.ITestResult)[pri:0, instance:com.Fullload_CDC.OracleToAdlsCDC@28f3b248]" name="getResult" is-config="true" duration-ms="1" started-at="2020-04-13T13:54:10Z" finished-at="2020-04-13T13:54:10Z">
          <params>
            <param index="0">
              <value>
                <![CDATA[[TestResult name=verifyScheduledFlow status=SUCCESS method=OracleToAdlsCDC.verifyScheduledFlow()[pri:34, instance:com.Fullload_CDC.OracleToAdlsCDC@28f3b248] output={null}]]]>
              </value>
            </param>
          </params>
          <reporter-output>
          </reporter-output>
        </test-method> <!-- getResult -->
        <test-method status="PASS" signature="verifyDataFlowOnMontioringScreen()[pri:35, instance:com.Fullload_CDC.OracleToAdlsCDC@28f3b248]" name="verifyDataFlowOnMontioringScreen" duration-ms="551458" started-at="2020-04-13T13:54:10Z" depends-on-methods="com.Fullload_CDC.OracleToAdlsCDC.verifyScheduledFlow" finished-at="2020-04-13T14:03:22Z">
          <reporter-output>
          </reporter-output>
        </test-method> <!-- verifyDataFlowOnMontioringScreen -->
        <test-method status="PASS" signature="getResult(org.testng.ITestResult)[pri:0, instance:com.Fullload_CDC.OracleToAdlsCDC@28f3b248]" name="getResult" is-config="true" duration-ms="1" started-at="2020-04-13T14:03:22Z" finished-at="2020-04-13T14:03:22Z">
          <params>
            <param index="0">
              <value>
                <![CDATA[[TestResult name=verifyDataFlowOnMontioringScreen status=SUCCESS method=OracleToAdlsCDC.verifyDataFlowOnMontioringScreen()[pri:35, instance:com.Fullload_CDC.OracleToAdlsCDC@28f3b248] output={null}]]]>
              </value>
            </param>
          </params>
          <reporter-output>
          </reporter-output>
        </test-method> <!-- getResult -->
        <test-method status="FAIL" signature="verifyDeleteScheduledFlow()[pri:36, instance:com.Fullload_CDC.OracleToAdlsCDC@28f3b248]" name="verifyDeleteScheduledFlow" duration-ms="9866" started-at="2020-04-13T14:03:22Z" depends-on-methods="com.Fullload_CDC.OracleToAdlsCDC.verifyDataFlowOnMontioringScreen" finished-at="2020-04-13T14:03:31Z">
          <exception class="org.openqa.selenium.NoSuchElementException">
            <message>
              <![CDATA[no such element: Unable to locate element: {"method":"xpath","selector":"//*[@id='root']//div/table/tbody/tr[1]/td[2][text()='DataFlowOracletoADLSCDC']/..//a[2]"}
  (Session info: chrome=80.0.3987.163)
For documentation on this error, please visit: http://seleniumhq.org/exceptions/no_such_element.html
Build info: version: '3.12.0', revision: '7c6e0b3', time: '2018-05-08T14:04:26.12Z'
System info: host: 'LAPTOP-2G86F66K', ip: '192.168.29.96', os.name: 'Windows 10', os.arch: 'amd64', os.version: '10.0', java.version: '1.8.0_181'
Driver info: org.openqa.selenium.chrome.ChromeDriver
Capabilities {acceptInsecureCerts: false, browserName: chrome, browserVersion: 80.0.3987.163, chrome: {chromedriverVersion: 80.0.3987.16 (320f6526c1632..., userDataDir: C:\Users\Lenovo\AppData\Loc...}, goog:chromeOptions: {debuggerAddress: localhost:64826}, javascriptEnabled: true, networkConnectionEnabled: false, pageLoadStrategy: normal, platform: WINDOWS, platformName: WINDOWS, proxy: Proxy(), setWindowRect: true, strictFileInteractability: false, timeouts: {implicit: 0, pageLoad: 300000, script: 30000}, unhandledPromptBehavior: dismiss and notify}
Session ID: 7c51614171f7449b29975a52831c6fcb
*** Element info: {Using=xpath, value=//*[@id='root']//div/table/tbody/tr[1]/td[2][text()='DataFlowOracletoADLSCDC']/..//a[2]}]]>
            </message>
            <full-stacktrace>
              <![CDATA[org.openqa.selenium.NoSuchElementException: no such element: Unable to locate element: {"method":"xpath","selector":"//*[@id='root']//div/table/tbody/tr[1]/td[2][text()='DataFlowOracletoADLSCDC']/..//a[2]"}
  (Session info: chrome=80.0.3987.163)
For documentation on this error, please visit: http://seleniumhq.org/exceptions/no_such_element.html
Build info: version: '3.12.0', revision: '7c6e0b3', time: '2018-05-08T14:04:26.12Z'
System info: host: 'LAPTOP-2G86F66K', ip: '192.168.29.96', os.name: 'Windows 10', os.arch: 'amd64', os.version: '10.0', java.version: '1.8.0_181'
Driver info: org.openqa.selenium.chrome.ChromeDriver
Capabilities {acceptInsecureCerts: false, browserName: chrome, browserVersion: 80.0.3987.163, chrome: {chromedriverVersion: 80.0.3987.16 (320f6526c1632..., userDataDir: C:\Users\Lenovo\AppData\Loc...}, goog:chromeOptions: {debuggerAddress: localhost:64826}, javascriptEnabled: true, networkConnectionEnabled: false, pageLoadStrategy: normal, platform: WINDOWS, platformName: WINDOWS, proxy: Proxy(), setWindowRect: true, strictFileInteractability: false, timeouts: {implicit: 0, pageLoad: 300000, script: 30000}, unhandledPromptBehavior: dismiss and notify}
Session ID: 7c51614171f7449b29975a52831c6fcb
*** Element info: {Using=xpath, value=//*[@id='root']//div/table/tbody/tr[1]/td[2][text()='DataFlowOracletoADLSCDC']/..//a[2]}
at sun.reflect.NativeConstructorAccessorImpl.newInstance0(Native Method)
at sun.reflect.NativeConstructorAccessorImpl.newInstance(Unknown Source)
at sun.reflect.DelegatingConstructorAccessorImpl.newInstance(Unknown Source)
at java.lang.reflect.Constructor.newInstance(Unknown Source)
at org.openqa.selenium.remote.http.W3CHttpResponseCodec.createException(W3CHttpResponseCodec.java:187)
at org.openqa.selenium.remote.http.W3CHttpResponseCodec.decode(W3CHttpResponseCodec.java:122)
at org.openqa.selenium.remote.http.W3CHttpResponseCodec.decode(W3CHttpResponseCodec.java:49)
at org.openqa.selenium.remote.HttpCommandExecutor.execute(HttpCommandExecutor.java:158)
at org.openqa.selenium.remote.service.DriverCommandExecutor.execute(DriverCommandExecutor.java:83)
at org.openqa.selenium.remote.RemoteWebDriver.execute(RemoteWebDriver.java:543)
at org.openqa.selenium.remote.RemoteWebDriver.findElement(RemoteWebDriver.java:317)
at org.openqa.selenium.remote.RemoteWebDriver.findElementByXPath(RemoteWebDriver.java:419)
at org.openqa.selenium.By$ByXPath.findElement(By.java:353)
at org.openqa.selenium.remote.RemoteWebDriver.findElement(RemoteWebDriver.java:309)
at com.Fullload_CDC.OracleToAdlsCDC.verifyDeleteScheduledFlow(OracleToAdlsCDC.java:212)
at sun.reflect.NativeMethodAccessorImpl.invoke0(Native Method)
at sun.reflect.NativeMethodAccessorImpl.invoke(Unknown Source)
at sun.reflect.DelegatingMethodAccessorImpl.invoke(Unknown Source)
at java.lang.reflect.Method.invoke(Unknown Source)
at org.testng.internal.MethodInvocationHelper.invokeMethod(MethodInvocationHelper.java:124)
at org.testng.internal.Invoker.invokeMethod(Invoker.java:580)
at org.testng.internal.Invoker.invokeTestMethod(Invoker.java:716)
at org.testng.internal.Invoker.invokeTestMethods(Invoker.java:988)
at org.testng.internal.TestMethodWorker.invokeTestMethods(TestMethodWorker.java:125)
at org.testng.internal.TestMethodWorker.run(TestMethodWorker.java:109)
at org.testng.TestRunner.privateRun(TestRunner.java:648)
at org.testng.TestRunner.run(TestRunner.java:505)
at org.testng.SuiteRunner.runTest(SuiteRunner.java:455)
at org.testng.SuiteRunner.runSequentially(SuiteRunner.java:450)
at org.testng.SuiteRunner.privateRun(SuiteRunner.java:415)
at org.testng.SuiteRunner.run(SuiteRunner.java:364)
at org.testng.SuiteRunnerWorker.runSuite(SuiteRunnerWorker.java:52)
at org.testng.SuiteRunnerWorker.run(SuiteRunnerWorker.java:84)
at org.testng.TestNG.runSuitesSequentially(TestNG.java:1208)
at org.testng.TestNG.runSuitesLocally(TestNG.java:1137)
at org.testng.TestNG.runSuites(TestNG.java:1049)
at org.testng.TestNG.run(TestNG.java:1017)
at org.testng.remote.AbstractRemoteTestNG.run(AbstractRemoteTestNG.java:114)
at org.testng.remote.RemoteTestNG.initAndRun(RemoteTestNG.java:251)
at org.testng.remote.RemoteTestNG.main(RemoteTestNG.java:77)
]]>
            </full-stacktrace>
          </exception> <!-- org.openqa.selenium.NoSuchElementException -->
          <reporter-output>
          </reporter-output>
        </test-method> <!-- verifyDeleteScheduledFlow -->
        <test-method status="PASS" signature="getResult(org.testng.ITestResult)[pri:0, instance:com.Fullload_CDC.OracleToAdlsCDC@28f3b248]" name="getResult" is-config="true" duration-ms="724" started-at="2020-04-13T14:03:31Z" finished-at="2020-04-13T14:03:32Z">
          <params>
            <param index="0">
              <value>
                <![CDATA[[TestResult name=verifyDeleteScheduledFlow status=FAILURE method=OracleToAdlsCDC.verifyDeleteScheduledFlow()[pri:36, instance:com.Fullload_CDC.OracleToAdlsCDC@28f3b248] output={null}]]]>
              </value>
            </param>
          </params>
          <reporter-output>
          </reporter-output>
        </test-method> <!-- getResult -->
        <test-method status="SKIP" signature="verifyRescheduled()[pri:37, instance:com.Fullload_CDC.OracleToAdlsCDC@28f3b248]" name="verifyRescheduled" duration-ms="0" started-at="2020-04-13T14:03:32Z" depends-on-methods="com.Fullload_CDC.OracleToAdlsCDC.verifyDeleteScheduledFlow" finished-at="2020-04-13T14:03:32Z">
          <exception class="java.lang.Throwable">
            <message>
              <![CDATA[Method OracleToAdlsCDC.verifyRescheduled()[pri:37, instance:com.Fullload_CDC.OracleToAdlsCDC@28f3b248] depends on not successfully finished methods]]>
            </message>
            <full-stacktrace>
              <![CDATA[java.lang.Throwable: Method OracleToAdlsCDC.verifyRescheduled()[pri:37, instance:com.Fullload_CDC.OracleToAdlsCDC@28f3b248] depends on not successfully finished methods
at org.testng.internal.Invoker.invokeTestMethods(Invoker.java:887)
at org.testng.internal.TestMethodWorker.invokeTestMethods(TestMethodWorker.java:125)
at org.testng.internal.TestMethodWorker.run(TestMethodWorker.java:109)
at org.testng.TestRunner.privateRun(TestRunner.java:648)
at org.testng.TestRunner.run(TestRunner.java:505)
at org.testng.SuiteRunner.runTest(SuiteRunner.java:455)
at org.testng.SuiteRunner.runSequentially(SuiteRunner.java:450)
at org.testng.SuiteRunner.privateRun(SuiteRunner.java:415)
at org.testng.SuiteRunner.run(SuiteRunner.java:364)
at org.testng.SuiteRunnerWorker.runSuite(SuiteRunnerWorker.java:52)
at org.testng.SuiteRunnerWorker.run(SuiteRunnerWorker.java:84)
at org.testng.TestNG.runSuitesSequentially(TestNG.java:1208)
at org.testng.TestNG.runSuitesLocally(TestNG.java:1137)
at org.testng.TestNG.runSuites(TestNG.java:1049)
at org.testng.TestNG.run(TestNG.java:1017)
at org.testng.remote.AbstractRemoteTestNG.run(AbstractRemoteTestNG.java:114)
at org.testng.remote.RemoteTestNG.initAndRun(RemoteTestNG.java:251)
at org.testng.remote.RemoteTestNG.main(RemoteTestNG.java:77)
]]>
            </full-stacktrace>
          </exception> <!-- java.lang.Throwable -->
          <reporter-output>
          </reporter-output>
        </test-method> <!-- verifyRescheduled -->
        <test-method status="SKIP" signature="verifyFlowOnMontioringScren()[pri:38, instance:com.Fullload_CDC.OracleToAdlsCDC@28f3b248]" name="verifyFlowOnMontioringScren" duration-ms="0" started-at="2020-04-13T14:03:32Z" depends-on-methods="com.Fullload_CDC.OracleToAdlsCDC.verifyRescheduled" finished-at="2020-04-13T14:03:32Z">
          <exception class="java.lang.Throwable">
            <message>
              <![CDATA[Method OracleToAdlsCDC.verifyFlowOnMontioringScren()[pri:38, instance:com.Fullload_CDC.OracleToAdlsCDC@28f3b248] depends on not successfully finished methods]]>
            </message>
            <full-stacktrace>
              <![CDATA[java.lang.Throwable: Method OracleToAdlsCDC.verifyFlowOnMontioringScren()[pri:38, instance:com.Fullload_CDC.OracleToAdlsCDC@28f3b248] depends on not successfully finished methods
at org.testng.internal.Invoker.invokeTestMethods(Invoker.java:887)
at org.testng.internal.TestMethodWorker.invokeTestMethods(TestMethodWorker.java:125)
at org.testng.internal.TestMethodWorker.run(TestMethodWorker.java:109)
at org.testng.TestRunner.privateRun(TestRunner.java:648)
at org.testng.TestRunner.run(TestRunner.java:505)
at org.testng.SuiteRunner.runTest(SuiteRunner.java:455)
at org.testng.SuiteRunner.runSequentially(SuiteRunner.java:450)
at org.testng.SuiteRunner.privateRun(SuiteRunner.java:415)
at org.testng.SuiteRunner.run(SuiteRunner.java:364)
at org.testng.SuiteRunnerWorker.runSuite(SuiteRunnerWorker.java:52)
at org.testng.SuiteRunnerWorker.run(SuiteRunnerWorker.java:84)
at org.testng.TestNG.runSuitesSequentially(TestNG.java:1208)
at org.testng.TestNG.runSuitesLocally(TestNG.java:1137)
at org.testng.TestNG.runSuites(TestNG.java:1049)
at org.testng.TestNG.run(TestNG.java:1017)
at org.testng.remote.AbstractRemoteTestNG.run(AbstractRemoteTestNG.java:114)
at org.testng.remote.RemoteTestNG.initAndRun(RemoteTestNG.java:251)
at org.testng.remote.RemoteTestNG.main(RemoteTestNG.java:77)
]]>
            </full-stacktrace>
          </exception> <!-- java.lang.Throwable -->
          <reporter-output>
          </reporter-output>
        </test-method> <!-- verifyFlowOnMontioringScren -->
      </class> <!-- com.Fullload_CDC.OracleToAdlsCDC -->
      <class name="com.Fullload_CDC.FullLoad">
        <test-method status="PASS" signature="verifySystemParams()[pri:11, instance:com.Fullload_CDC.FullLoad@429bffaa]" name="verifySystemParams" duration-ms="6755" started-at="2020-04-13T13:28:24Z" finished-at="2020-04-13T13:28:31Z">
          <reporter-output>
          </reporter-output>
        </test-method> <!-- verifySystemParams -->
        <test-method status="PASS" signature="getResult(org.testng.ITestResult)[pri:0, instance:com.Fullload_CDC.FullLoad@429bffaa]" name="getResult" is-config="true" duration-ms="1" started-at="2020-04-13T13:28:31Z" finished-at="2020-04-13T13:28:31Z">
          <params>
            <param index="0">
              <value>
                <![CDATA[[TestResult name=verifySystemParams status=SUCCESS method=FullLoad.verifySystemParams()[pri:11, instance:com.Fullload_CDC.FullLoad@429bffaa] output={null}]]]>
              </value>
            </param>
          </params>
          <reporter-output>
          </reporter-output>
        </test-method> <!-- getResult -->
        <test-method status="PASS" signature="verifyServicePrinciple()[pri:12, instance:com.Fullload_CDC.FullLoad@429bffaa]" name="verifyServicePrinciple" duration-ms="3824" started-at="2020-04-13T13:28:31Z" depends-on-methods="com.Fullload_CDC.FullLoad.verifySystemParams" finished-at="2020-04-13T13:28:35Z">
          <reporter-output>
          </reporter-output>
        </test-method> <!-- verifyServicePrinciple -->
        <test-method status="PASS" signature="getResult(org.testng.ITestResult)[pri:0, instance:com.Fullload_CDC.FullLoad@429bffaa]" name="getResult" is-config="true" duration-ms="1" started-at="2020-04-13T13:28:35Z" finished-at="2020-04-13T13:28:35Z">
          <params>
            <param index="0">
              <value>
                <![CDATA[[TestResult name=verifyServicePrinciple status=SUCCESS method=FullLoad.verifyServicePrinciple()[pri:12, instance:com.Fullload_CDC.FullLoad@429bffaa] output={null}]]]>
              </value>
            </param>
          </params>
          <reporter-output>
          </reporter-output>
        </test-method> <!-- getResult -->
        <test-method status="PASS" signature="verifySubscription()[pri:13, instance:com.Fullload_CDC.FullLoad@429bffaa]" name="verifySubscription" duration-ms="4354" started-at="2020-04-13T13:28:35Z" depends-on-methods="com.Fullload_CDC.FullLoad.verifyServicePrinciple" finished-at="2020-04-13T13:28:39Z">
          <reporter-output>
          </reporter-output>
        </test-method> <!-- verifySubscription -->
        <test-method status="PASS" signature="verifyAddDataFactory()[pri:14, instance:com.Fullload_CDC.FullLoad@429bffaa]" name="verifyAddDataFactory" duration-ms="5578" started-at="2020-04-13T13:28:39Z" depends-on-methods="com.Fullload_CDC.FullLoad.verifySubscription" finished-at="2020-04-13T13:28:45Z">
          <reporter-output>
          </reporter-output>
        </test-method> <!-- verifyAddDataFactory -->
        <test-method status="PASS" signature="getResult(org.testng.ITestResult)[pri:0, instance:com.Fullload_CDC.FullLoad@429bffaa]" name="getResult" is-config="true" duration-ms="0" started-at="2020-04-13T13:28:39Z" finished-at="2020-04-13T13:28:39Z">
          <params>
            <param index="0">
              <value>
                <![CDATA[[TestResult name=verifySubscription status=SUCCESS method=FullLoad.verifySubscription()[pri:13, instance:com.Fullload_CDC.FullLoad@429bffaa] output={null}]]]>
              </value>
            </param>
          </params>
          <reporter-output>
          </reporter-output>
        </test-method> <!-- getResult -->
        <test-method status="PASS" signature="getResult(org.testng.ITestResult)[pri:0, instance:com.Fullload_CDC.FullLoad@429bffaa]" name="getResult" is-config="true" duration-ms="1" started-at="2020-04-13T13:28:45Z" finished-at="2020-04-13T13:28:45Z">
          <params>
            <param index="0">
              <value>
                <![CDATA[[TestResult name=verifyAddDataFactory status=SUCCESS method=FullLoad.verifyAddDataFactory()[pri:14, instance:com.Fullload_CDC.FullLoad@429bffaa] output={null}]]]>
              </value>
            </param>
          </params>
          <reporter-output>
          </reporter-output>
        </test-method> <!-- getResult -->
        <test-method status="PASS" signature="verifyAddSendgrid()[pri:15, instance:com.Fullload_CDC.FullLoad@429bffaa]" name="verifyAddSendgrid" duration-ms="3531" started-at="2020-04-13T13:28:45Z" depends-on-methods="com.Fullload_CDC.FullLoad.verifyAddDataFactory" finished-at="2020-04-13T13:28:48Z">
          <reporter-output>
          </reporter-output>
        </test-method> <!-- verifyAddSendgrid -->
        <test-method status="PASS" signature="getResult(org.testng.ITestResult)[pri:0, instance:com.Fullload_CDC.FullLoad@429bffaa]" name="getResult" is-config="true" duration-ms="0" started-at="2020-04-13T13:28:48Z" finished-at="2020-04-13T13:28:48Z">
          <params>
            <param index="0">
              <value>
                <![CDATA[[TestResult name=verifyAddSendgrid status=SUCCESS method=FullLoad.verifyAddSendgrid()[pri:15, instance:com.Fullload_CDC.FullLoad@429bffaa] output={null}]]]>
              </value>
            </param>
          </params>
          <reporter-output>
          </reporter-output>
        </test-method> <!-- getResult -->
        <test-method status="PASS" signature="verifyAddAzureFunction()[pri:16, instance:com.Fullload_CDC.FullLoad@429bffaa]" name="verifyAddAzureFunction" duration-ms="3528" started-at="2020-04-13T13:28:48Z" depends-on-methods="com.Fullload_CDC.FullLoad.verifyAddSendgrid" finished-at="2020-04-13T13:28:52Z">
          <reporter-output>
          </reporter-output>
        </test-method> <!-- verifyAddAzureFunction -->
        <test-method status="PASS" signature="verifySourceAdd()[pri:17, instance:com.Fullload_CDC.FullLoad@429bffaa]" name="verifySourceAdd" duration-ms="52762" started-at="2020-04-13T13:28:52Z" depends-on-methods="com.Fullload_CDC.FullLoad.verifyAddAzureFunction" finished-at="2020-04-13T13:29:45Z">
          <reporter-output>
          </reporter-output>
        </test-method> <!-- verifySourceAdd -->
        <test-method status="PASS" signature="getResult(org.testng.ITestResult)[pri:0, instance:com.Fullload_CDC.FullLoad@429bffaa]" name="getResult" is-config="true" duration-ms="0" started-at="2020-04-13T13:28:52Z" finished-at="2020-04-13T13:28:52Z">
          <params>
            <param index="0">
              <value>
                <![CDATA[[TestResult name=verifyAddAzureFunction status=SUCCESS method=FullLoad.verifyAddAzureFunction()[pri:16, instance:com.Fullload_CDC.FullLoad@429bffaa] output={null}]]]>
              </value>
            </param>
          </params>
          <reporter-output>
          </reporter-output>
        </test-method> <!-- getResult -->
        <test-method status="PASS" signature="getResult(org.testng.ITestResult)[pri:0, instance:com.Fullload_CDC.FullLoad@429bffaa]" name="getResult" is-config="true" duration-ms="0" started-at="2020-04-13T13:29:45Z" finished-at="2020-04-13T13:29:45Z">
          <params>
            <param index="0">
              <value>
                <![CDATA[[TestResult name=verifySourceAdd status=SUCCESS method=FullLoad.verifySourceAdd()[pri:17, instance:com.Fullload_CDC.FullLoad@429bffaa] output={null}]]]>
              </value>
            </param>
          </params>
          <reporter-output>
          </reporter-output>
        </test-method> <!-- getResult -->
        <test-method status="PASS" signature="verifyAddDestination()[pri:18, instance:com.Fullload_CDC.FullLoad@429bffaa]" name="verifyAddDestination" duration-ms="22541" started-at="2020-04-13T13:29:45Z" depends-on-methods="com.Fullload_CDC.FullLoad.verifySourceAdd" finished-at="2020-04-13T13:30:07Z">
          <reporter-output>
          </reporter-output>
        </test-method> <!-- verifyAddDestination -->
        <test-method status="PASS" signature="getResult(org.testng.ITestResult)[pri:0, instance:com.Fullload_CDC.FullLoad@429bffaa]" name="getResult" is-config="true" duration-ms="0" started-at="2020-04-13T13:30:07Z" finished-at="2020-04-13T13:30:07Z">
          <params>
            <param index="0">
              <value>
                <![CDATA[[TestResult name=verifyAddDestination status=SUCCESS method=FullLoad.verifyAddDestination()[pri:18, instance:com.Fullload_CDC.FullLoad@429bffaa] output={null}]]]>
              </value>
            </param>
          </params>
          <reporter-output>
          </reporter-output>
        </test-method> <!-- getResult -->
        <test-method status="PASS" signature="verifyAddDataFlow()[pri:19, instance:com.Fullload_CDC.FullLoad@429bffaa]" name="verifyAddDataFlow" duration-ms="70849" started-at="2020-04-13T13:30:07Z" depends-on-methods="com.Fullload_CDC.FullLoad.verifyAddDestination" finished-at="2020-04-13T13:31:18Z">
          <reporter-output>
          </reporter-output>
        </test-method> <!-- verifyAddDataFlow -->
        <test-method status="PASS" signature="getResult(org.testng.ITestResult)[pri:0, instance:com.Fullload_CDC.FullLoad@429bffaa]" name="getResult" is-config="true" duration-ms="1" started-at="2020-04-13T13:31:18Z" finished-at="2020-04-13T13:31:18Z">
          <params>
            <param index="0">
              <value>
                <![CDATA[[TestResult name=verifyAddDataFlow status=SUCCESS method=FullLoad.verifyAddDataFlow()[pri:19, instance:com.Fullload_CDC.FullLoad@429bffaa] output={null}]]]>
              </value>
            </param>
          </params>
          <reporter-output>
          </reporter-output>
        </test-method> <!-- getResult -->
        <test-method status="PASS" signature="verifyScheduledFlow()[pri:20, instance:com.Fullload_CDC.FullLoad@429bffaa]" name="verifyScheduledFlow" duration-ms="17754" started-at="2020-04-13T13:31:18Z" depends-on-methods="com.Fullload_CDC.FullLoad.verifyAddDataFlow" finished-at="2020-04-13T13:31:36Z">
          <reporter-output>
          </reporter-output>
        </test-method> <!-- verifyScheduledFlow -->
        <test-method status="PASS" signature="getResult(org.testng.ITestResult)[pri:0, instance:com.Fullload_CDC.FullLoad@429bffaa]" name="getResult" is-config="true" duration-ms="0" started-at="2020-04-13T13:31:36Z" finished-at="2020-04-13T13:31:36Z">
          <params>
            <param index="0">
              <value>
                <![CDATA[[TestResult name=verifyScheduledFlow status=SUCCESS method=FullLoad.verifyScheduledFlow()[pri:20, instance:com.Fullload_CDC.FullLoad@429bffaa] output={null}]]]>
              </value>
            </param>
          </params>
          <reporter-output>
          </reporter-output>
        </test-method> <!-- getResult -->
        <test-method status="PASS" signature="verifyFlowOnMontioringScreen()[pri:21, instance:com.Fullload_CDC.FullLoad@429bffaa]" name="verifyFlowOnMontioringScreen" duration-ms="1212407" started-at="2020-04-13T13:31:36Z" depends-on-methods="com.Fullload_CDC.FullLoad.verifyScheduledFlow" finished-at="2020-04-13T13:51:48Z">
          <reporter-output>
          </reporter-output>
        </test-method> <!-- verifyFlowOnMontioringScreen -->
        <test-method status="PASS" signature="getResult(org.testng.ITestResult)[pri:0, instance:com.Fullload_CDC.FullLoad@429bffaa]" name="getResult" is-config="true" duration-ms="0" started-at="2020-04-13T13:51:48Z" finished-at="2020-04-13T13:51:48Z">
          <params>
            <param index="0">
              <value>
                <![CDATA[[TestResult name=verifyFlowOnMontioringScreen status=SUCCESS method=FullLoad.verifyFlowOnMontioringScreen()[pri:21, instance:com.Fullload_CDC.FullLoad@429bffaa] output={null}]]]>
              </value>
            </param>
          </params>
          <reporter-output>
          </reporter-output>
        </test-method> <!-- getResult -->
      </class> <!-- com.Fullload_CDC.FullLoad -->
      <class name="com.Fullload_CDC.SqltoAzuresql">
        <test-method status="PASS" signature="Report(java.lang.String)[pri:0, instance:com.Fullload_CDC.SqltoAzuresql@3c73951]" name="Report" is-config="true" duration-ms="156" started-at="2020-04-13T13:18:40Z" finished-at="2020-04-13T13:18:40Z">
          <params>
            <param index="0">
              <value>
                <![CDATA[https://cloudblaze-ui-react.azurewebsites.net/#]]>
              </value>
            </param>
          </params>
          <reporter-output>
          </reporter-output>
        </test-method> <!-- Report -->
        <test-method status="PASS" signature="init(java.lang.String)[pri:0, instance:com.Fullload_CDC.SqltoAzuresql@3c73951]" name="init" is-config="true" duration-ms="26072" started-at="2020-04-13T13:18:40Z" finished-at="2020-04-13T13:19:06Z">
          <params>
            <param index="0">
              <value>
                <![CDATA[https://cloudblaze-ui-react.azurewebsites.net/#]]>
              </value>
            </param>
          </params>
          <reporter-output>
          </reporter-output>
        </test-method> <!-- init -->
        <test-method status="PASS" signature="verifySourceAdd()[pri:1, instance:com.Fullload_CDC.SqltoAzuresql@3c73951]" name="verifySourceAdd" duration-ms="49187" started-at="2020-04-13T13:19:06Z" finished-at="2020-04-13T13:19:55Z">
          <reporter-output>
          </reporter-output>
        </test-method> <!-- verifySourceAdd -->
        <test-method status="PASS" signature="getResult(org.testng.ITestResult)[pri:0, instance:com.Fullload_CDC.SqltoAzuresql@3c73951]" name="getResult" is-config="true" duration-ms="1" started-at="2020-04-13T13:19:55Z" finished-at="2020-04-13T13:19:55Z">
          <params>
            <param index="0">
              <value>
                <![CDATA[[TestResult name=verifySourceAdd status=SUCCESS method=SqltoAzuresql.verifySourceAdd()[pri:1, instance:com.Fullload_CDC.SqltoAzuresql@3c73951] output={null}]]]>
              </value>
            </param>
          </params>
          <reporter-output>
          </reporter-output>
        </test-method> <!-- getResult -->
        <test-method status="PASS" signature="verifyAddDestination()[pri:2, instance:com.Fullload_CDC.SqltoAzuresql@3c73951]" name="verifyAddDestination" duration-ms="22835" started-at="2020-04-13T13:19:55Z" depends-on-methods="com.Fullload_CDC.SqltoAzuresql.verifySourceAdd" finished-at="2020-04-13T13:20:18Z">
          <reporter-output>
          </reporter-output>
        </test-method> <!-- verifyAddDestination -->
        <test-method status="PASS" signature="getResult(org.testng.ITestResult)[pri:0, instance:com.Fullload_CDC.SqltoAzuresql@3c73951]" name="getResult" is-config="true" duration-ms="0" started-at="2020-04-13T13:20:18Z" finished-at="2020-04-13T13:20:18Z">
          <params>
            <param index="0">
              <value>
                <![CDATA[[TestResult name=verifyAddDestination status=SUCCESS method=SqltoAzuresql.verifyAddDestination()[pri:2, instance:com.Fullload_CDC.SqltoAzuresql@3c73951] output={null}]]]>
              </value>
            </param>
          </params>
          <reporter-output>
          </reporter-output>
        </test-method> <!-- getResult -->
        <test-method status="PASS" signature="verifyAddDataFlow()[pri:3, instance:com.Fullload_CDC.SqltoAzuresql@3c73951]" name="verifyAddDataFlow" duration-ms="42265" started-at="2020-04-13T13:20:18Z" depends-on-methods="com.Fullload_CDC.SqltoAzuresql.verifyAddDestination" finished-at="2020-04-13T13:21:00Z">
          <reporter-output>
          </reporter-output>
        </test-method> <!-- verifyAddDataFlow -->
        <test-method status="PASS" signature="getResult(org.testng.ITestResult)[pri:0, instance:com.Fullload_CDC.SqltoAzuresql@3c73951]" name="getResult" is-config="true" duration-ms="1" started-at="2020-04-13T13:21:00Z" finished-at="2020-04-13T13:21:00Z">
          <params>
            <param index="0">
              <value>
                <![CDATA[[TestResult name=verifyAddDataFlow status=SUCCESS method=SqltoAzuresql.verifyAddDataFlow()[pri:3, instance:com.Fullload_CDC.SqltoAzuresql@3c73951] output={null}]]]>
              </value>
            </param>
          </params>
          <reporter-output>
          </reporter-output>
        </test-method> <!-- getResult -->
        <test-method status="PASS" signature="verifyScheduledFlow()[pri:4, instance:com.Fullload_CDC.SqltoAzuresql@3c73951]" name="verifyScheduledFlow" duration-ms="17552" started-at="2020-04-13T13:21:00Z" depends-on-methods="com.Fullload_CDC.SqltoAzuresql.verifyAddDataFlow" finished-at="2020-04-13T13:21:18Z">
          <reporter-output>
          </reporter-output>
        </test-method> <!-- verifyScheduledFlow -->
        <test-method status="PASS" signature="verifyFlowOnMontioringScreen()[pri:5, instance:com.Fullload_CDC.SqltoAzuresql@3c73951]" name="verifyFlowOnMontioringScreen" duration-ms="426378" started-at="2020-04-13T13:21:18Z" depends-on-methods="com.Fullload_CDC.SqltoAzuresql.verifyScheduledFlow" finished-at="2020-04-13T13:28:24Z">
          <reporter-output>
          </reporter-output>
        </test-method> <!-- verifyFlowOnMontioringScreen -->
        <test-method status="PASS" signature="getResult(org.testng.ITestResult)[pri:0, instance:com.Fullload_CDC.SqltoAzuresql@3c73951]" name="getResult" is-config="true" duration-ms="0" started-at="2020-04-13T13:21:18Z" finished-at="2020-04-13T13:21:18Z">
          <params>
            <param index="0">
              <value>
                <![CDATA[[TestResult name=verifyScheduledFlow status=SUCCESS method=SqltoAzuresql.verifyScheduledFlow()[pri:4, instance:com.Fullload_CDC.SqltoAzuresql@3c73951] output={null}]]]>
              </value>
            </param>
          </params>
          <reporter-output>
          </reporter-output>
        </test-method> <!-- getResult -->
        <test-method status="PASS" signature="getResult(org.testng.ITestResult)[pri:0, instance:com.Fullload_CDC.SqltoAzuresql@3c73951]" name="getResult" is-config="true" duration-ms="0" started-at="2020-04-13T13:28:24Z" finished-at="2020-04-13T13:28:24Z">
          <params>
            <param index="0">
              <value>
                <![CDATA[[TestResult name=verifyFlowOnMontioringScreen status=SUCCESS method=SqltoAzuresql.verifyFlowOnMontioringScreen()[pri:5, instance:com.Fullload_CDC.SqltoAzuresql@3c73951] output={null}]]]>
              </value>
            </param>
          </params>
          <reporter-output>
          </reporter-output>
        </test-method> <!-- getResult -->
        <test-method status="PASS" signature="tearDown()[pri:0, instance:com.Fullload_CDC.SqltoAzuresql@3c73951]" name="tearDown" is-config="true" duration-ms="229" started-at="2020-04-13T14:03:32Z" finished-at="2020-04-13T14:03:32Z">
          <reporter-output>
          </reporter-output>
        </test-method> <!-- tearDown -->
      </class> <!-- com.Fullload_CDC.SqltoAzuresql -->
    </test> <!-- CloudBlaze Tests -->
  </suite> <!-- CloudBlaze Automation -->
</testng-results>
