<?xml version="1.0" encoding="UTF-8"?>
<testng-results skipped="0" failed="0" ignored="0" total="5" passed="5">
  <reporter-output>
  </reporter-output>
  <suite name="CloudBlaze Automation" duration-ms="784910" started-at="2020-04-14T11:12:34Z" finished-at="2020-04-14T11:25:38Z">
    <groups>
      <group name="Smoke">
        <method signature="SqlToAdlsDM.verifySourceAdd()[pri:6, instance:com.Fullload_CDC.SqlToAdlsDM@72cde7cc]" name="verifySourceAdd" class="com.Fullload_CDC.SqlToAdlsDM"/>
        <method signature="SqlToAdlsDM.verifyAddDestination()[pri:7, instance:com.Fullload_CDC.SqlToAdlsDM@72cde7cc]" name="verifyAddDestination" class="com.Fullload_CDC.SqlToAdlsDM"/>
        <method signature="SqlToAdlsDM.verifyAddDataFlow()[pri:8, instance:com.Fullload_CDC.SqlToAdlsDM@72cde7cc]" name="verifyAddDataFlow" class="com.Fullload_CDC.SqlToAdlsDM"/>
        <method signature="SqlToAdlsDM.verifyScheduledFlow()[pri:9, instance:com.Fullload_CDC.SqlToAdlsDM@72cde7cc]" name="verifyScheduledFlow" class="com.Fullload_CDC.SqlToAdlsDM"/>
        <method signature="SqlToAdlsDM.verifyFlowOnMontioringScreen()[pri:10, instance:com.Fullload_CDC.SqlToAdlsDM@72cde7cc]" name="verifyFlowOnMontioringScreen" class="com.Fullload_CDC.SqlToAdlsDM"/>
      </group> <!-- Smoke -->
    </groups>
    <test name="CloudBlaze Tests" duration-ms="784910" started-at="2020-04-14T11:12:34Z" finished-at="2020-04-14T11:25:38Z">
      <class name="com.Fullload_CDC.SqlToAdlsDM">
        <test-method status="PASS" signature="Report(java.lang.String)[pri:0, instance:com.Fullload_CDC.SqlToAdlsDM@72cde7cc]" name="Report" is-config="true" duration-ms="276" started-at="2020-04-14T11:12:34Z" finished-at="2020-04-14T11:12:34Z">
          <params>
            <param index="0">
              <value>
                <![CDATA[https://cloudblaze-ui-react.azurewebsites.net/#]]>
              </value>
            </param>
          </params>
          <reporter-output>
          </reporter-output>
        </test-method> <!-- Report -->
        <test-method status="PASS" signature="init(java.lang.String)[pri:0, instance:com.Fullload_CDC.SqlToAdlsDM@72cde7cc]" name="init" is-config="true" duration-ms="27759" started-at="2020-04-14T11:12:34Z" finished-at="2020-04-14T11:13:02Z">
          <params>
            <param index="0">
              <value>
                <![CDATA[https://cloudblaze-ui-react.azurewebsites.net/#]]>
              </value>
            </param>
          </params>
          <reporter-output>
          </reporter-output>
        </test-method> <!-- init -->
        <test-method status="PASS" signature="verifySourceAdd()[pri:6, instance:com.Fullload_CDC.SqlToAdlsDM@72cde7cc]" name="verifySourceAdd" duration-ms="51924" started-at="2020-04-14T11:13:02Z" finished-at="2020-04-14T11:13:53Z">
          <reporter-output>
          </reporter-output>
        </test-method> <!-- verifySourceAdd -->
        <test-method status="PASS" signature="getResult(org.testng.ITestResult)[pri:0, instance:com.Fullload_CDC.SqlToAdlsDM@72cde7cc]" name="getResult" is-config="true" duration-ms="0" started-at="2020-04-14T11:13:53Z" finished-at="2020-04-14T11:13:53Z">
          <params>
            <param index="0">
              <value>
                <![CDATA[[TestResult name=verifySourceAdd status=SUCCESS method=SqlToAdlsDM.verifySourceAdd()[pri:6, instance:com.Fullload_CDC.SqlToAdlsDM@72cde7cc] output={null}]]]>
              </value>
            </param>
          </params>
          <reporter-output>
          </reporter-output>
        </test-method> <!-- getResult -->
        <test-method status="PASS" signature="verifyAddDestination()[pri:7, instance:com.Fullload_CDC.SqlToAdlsDM@72cde7cc]" name="verifyAddDestination" duration-ms="20415" started-at="2020-04-14T11:13:53Z" depends-on-methods="com.Fullload_CDC.SqlToAdlsDM.verifySourceAdd" finished-at="2020-04-14T11:14:14Z">
          <reporter-output>
          </reporter-output>
        </test-method> <!-- verifyAddDestination -->
        <test-method status="PASS" signature="getResult(org.testng.ITestResult)[pri:0, instance:com.Fullload_CDC.SqlToAdlsDM@72cde7cc]" name="getResult" is-config="true" duration-ms="0" started-at="2020-04-14T11:14:14Z" finished-at="2020-04-14T11:14:14Z">
          <params>
            <param index="0">
              <value>
                <![CDATA[[TestResult name=verifyAddDestination status=SUCCESS method=SqlToAdlsDM.verifyAddDestination()[pri:7, instance:com.Fullload_CDC.SqlToAdlsDM@72cde7cc] output={null}]]]>
              </value>
            </param>
          </params>
          <reporter-output>
          </reporter-output>
        </test-method> <!-- getResult -->
        <test-method status="PASS" signature="verifyAddDataFlow()[pri:8, instance:com.Fullload_CDC.SqlToAdlsDM@72cde7cc]" name="verifyAddDataFlow" duration-ms="46900" started-at="2020-04-14T11:14:14Z" depends-on-methods="com.Fullload_CDC.SqlToAdlsDM.verifyAddDestination" finished-at="2020-04-14T11:15:01Z">
          <reporter-output>
          </reporter-output>
        </test-method> <!-- verifyAddDataFlow -->
        <test-method status="PASS" signature="getResult(org.testng.ITestResult)[pri:0, instance:com.Fullload_CDC.SqlToAdlsDM@72cde7cc]" name="getResult" is-config="true" duration-ms="0" started-at="2020-04-14T11:15:01Z" finished-at="2020-04-14T11:15:01Z">
          <params>
            <param index="0">
              <value>
                <![CDATA[[TestResult name=verifyAddDataFlow status=SUCCESS method=SqlToAdlsDM.verifyAddDataFlow()[pri:8, instance:com.Fullload_CDC.SqlToAdlsDM@72cde7cc] output={null}]]]>
              </value>
            </param>
          </params>
          <reporter-output>
          </reporter-output>
        </test-method> <!-- getResult -->
        <test-method status="PASS" signature="verifyScheduledFlow()[pri:9, instance:com.Fullload_CDC.SqlToAdlsDM@72cde7cc]" name="verifyScheduledFlow" duration-ms="18149" started-at="2020-04-14T11:15:01Z" depends-on-methods="com.Fullload_CDC.SqlToAdlsDM.verifyAddDataFlow" finished-at="2020-04-14T11:15:19Z">
          <reporter-output>
          </reporter-output>
        </test-method> <!-- verifyScheduledFlow -->
        <test-method status="PASS" signature="getResult(org.testng.ITestResult)[pri:0, instance:com.Fullload_CDC.SqlToAdlsDM@72cde7cc]" name="getResult" is-config="true" duration-ms="1" started-at="2020-04-14T11:15:19Z" finished-at="2020-04-14T11:15:19Z">
          <params>
            <param index="0">
              <value>
                <![CDATA[[TestResult name=verifyScheduledFlow status=SUCCESS method=SqlToAdlsDM.verifyScheduledFlow()[pri:9, instance:com.Fullload_CDC.SqlToAdlsDM@72cde7cc] output={null}]]]>
              </value>
            </param>
          </params>
          <reporter-output>
          </reporter-output>
        </test-method> <!-- getResult -->
        <test-method status="PASS" signature="verifyFlowOnMontioringScreen()[pri:10, instance:com.Fullload_CDC.SqlToAdlsDM@72cde7cc]" name="verifyFlowOnMontioringScreen" duration-ms="619449" started-at="2020-04-14T11:15:19Z" depends-on-methods="com.Fullload_CDC.SqlToAdlsDM.verifyScheduledFlow" finished-at="2020-04-14T11:25:38Z">
          <reporter-output>
          </reporter-output>
        </test-method> <!-- verifyFlowOnMontioringScreen -->
        <test-method status="PASS" signature="getResult(org.testng.ITestResult)[pri:0, instance:com.Fullload_CDC.SqlToAdlsDM@72cde7cc]" name="getResult" is-config="true" duration-ms="0" started-at="2020-04-14T11:25:38Z" finished-at="2020-04-14T11:25:38Z">
          <params>
            <param index="0">
              <value>
                <![CDATA[[TestResult name=verifyFlowOnMontioringScreen status=SUCCESS method=SqlToAdlsDM.verifyFlowOnMontioringScreen()[pri:10, instance:com.Fullload_CDC.SqlToAdlsDM@72cde7cc] output={null}]]]>
              </value>
            </param>
          </params>
          <reporter-output>
          </reporter-output>
        </test-method> <!-- getResult -->
        <test-method status="PASS" signature="tearDown()[pri:0, instance:com.Fullload_CDC.SqlToAdlsDM@72cde7cc]" name="tearDown" is-config="true" duration-ms="204" started-at="2020-04-14T11:25:38Z" finished-at="2020-04-14T11:25:39Z">
          <reporter-output>
          </reporter-output>
        </test-method> <!-- tearDown -->
      </class> <!-- com.Fullload_CDC.SqlToAdlsDM -->
    </test> <!-- CloudBlaze Tests -->
  </suite> <!-- CloudBlaze Automation -->
</testng-results>
