<?xml version="1.0" encoding="UTF-8"?>
<testng-results skipped="0" failed="0" ignored="0" total="5" passed="5">
  <reporter-output>
  </reporter-output>
  <suite name="CloudBlaze Automation" duration-ms="281261" started-at="2020-06-23T13:18:35Z" finished-at="2020-06-23T13:23:16Z">
    <groups>
      <group name="Smoke">
        <method signature="MySqlToSql.verifySourceMySql()[pri:1, instance:com.Fullload_CDC.MySqlToSql@67080771]" name="verifySourceMySql" class="com.Fullload_CDC.MySqlToSql"/>
        <method signature="MySqlToSql.verifyAddDestination()[pri:2, instance:com.Fullload_CDC.MySqlToSql@67080771]" name="verifyAddDestination" class="com.Fullload_CDC.MySqlToSql"/>
        <method signature="MySqlToSql.verifyAddDataFlow()[pri:3, instance:com.Fullload_CDC.MySqlToSql@67080771]" name="verifyAddDataFlow" class="com.Fullload_CDC.MySqlToSql"/>
        <method signature="MySqlToSql.verifyScheduledFlow()[pri:4, instance:com.Fullload_CDC.MySqlToSql@67080771]" name="verifyScheduledFlow" class="com.Fullload_CDC.MySqlToSql"/>
        <method signature="MySqlToSql.verifyFlowOnMontioringScreen()[pri:5, instance:com.Fullload_CDC.MySqlToSql@67080771]" name="verifyFlowOnMontioringScreen" class="com.Fullload_CDC.MySqlToSql"/>
      </group> <!-- Smoke -->
    </groups>
    <test name="CloudBlaze Tests" duration-ms="281261" started-at="2020-06-23T13:18:35Z" finished-at="2020-06-23T13:23:16Z">
      <class name="com.Fullload_CDC.MySqlToSql">
        <test-method status="PASS" signature="Report(java.lang.String)[pri:0, instance:com.Fullload_CDC.MySqlToSql@67080771]" name="Report" is-config="true" duration-ms="154" started-at="2020-06-23T13:18:35Z" finished-at="2020-06-23T13:18:35Z">
          <params>
            <param index="0">
              <value>
                <![CDATA[https://cloudblaze-ui-react.azurewebsites.net/#]]>
              </value>
            </param>
          </params>
          <reporter-output>
          </reporter-output>
        </test-method> <!-- Report -->
        <test-method status="PASS" signature="init(java.lang.String)[pri:0, instance:com.Fullload_CDC.MySqlToSql@67080771]" name="init" is-config="true" duration-ms="25196" started-at="2020-06-23T13:18:35Z" finished-at="2020-06-23T13:19:00Z">
          <params>
            <param index="0">
              <value>
                <![CDATA[https://cloudblaze-ui-react.azurewebsites.net/#]]>
              </value>
            </param>
          </params>
          <reporter-output>
          </reporter-output>
        </test-method> <!-- init -->
        <test-method status="PASS" signature="verifySourceMySql()[pri:1, instance:com.Fullload_CDC.MySqlToSql@67080771]" name="verifySourceMySql" duration-ms="55835" started-at="2020-06-23T13:19:00Z" finished-at="2020-06-23T13:19:56Z">
          <reporter-output>
          </reporter-output>
        </test-method> <!-- verifySourceMySql -->
        <test-method status="PASS" signature="getResult(org.testng.ITestResult)[pri:0, instance:com.Fullload_CDC.MySqlToSql@67080771]" name="getResult" is-config="true" duration-ms="1" started-at="2020-06-23T13:19:56Z" finished-at="2020-06-23T13:19:56Z">
          <params>
            <param index="0">
              <value>
                <![CDATA[[TestResult name=verifySourceMySql status=SUCCESS method=MySqlToSql.verifySourceMySql()[pri:1, instance:com.Fullload_CDC.MySqlToSql@67080771] output={null}]]]>
              </value>
            </param>
          </params>
          <reporter-output>
          </reporter-output>
        </test-method> <!-- getResult -->
        <test-method status="PASS" signature="verifyAddDestination()[pri:2, instance:com.Fullload_CDC.MySqlToSql@67080771]" name="verifyAddDestination" duration-ms="23406" started-at="2020-06-23T13:19:56Z" depends-on-methods="com.Fullload_CDC.MySqlToSql.verifySourceMySql" finished-at="2020-06-23T13:20:19Z">
          <reporter-output>
          </reporter-output>
        </test-method> <!-- verifyAddDestination -->
        <test-method status="PASS" signature="getResult(org.testng.ITestResult)[pri:0, instance:com.Fullload_CDC.MySqlToSql@67080771]" name="getResult" is-config="true" duration-ms="1" started-at="2020-06-23T13:20:19Z" finished-at="2020-06-23T13:20:19Z">
          <params>
            <param index="0">
              <value>
                <![CDATA[[TestResult name=verifyAddDestination status=SUCCESS method=MySqlToSql.verifyAddDestination()[pri:2, instance:com.Fullload_CDC.MySqlToSql@67080771] output={null}]]]>
              </value>
            </param>
          </params>
          <reporter-output>
          </reporter-output>
        </test-method> <!-- getResult -->
        <test-method status="PASS" signature="verifyAddDataFlow()[pri:3, instance:com.Fullload_CDC.MySqlToSql@67080771]" name="verifyAddDataFlow" duration-ms="40682" started-at="2020-06-23T13:20:19Z" depends-on-methods="com.Fullload_CDC.MySqlToSql.verifyAddDestination" finished-at="2020-06-23T13:21:00Z">
          <reporter-output>
          </reporter-output>
        </test-method> <!-- verifyAddDataFlow -->
        <test-method status="PASS" signature="verifyScheduledFlow()[pri:4, instance:com.Fullload_CDC.MySqlToSql@67080771]" name="verifyScheduledFlow" duration-ms="18110" started-at="2020-06-23T13:21:00Z" depends-on-methods="com.Fullload_CDC.MySqlToSql.verifyAddDataFlow" finished-at="2020-06-23T13:21:18Z">
          <reporter-output>
          </reporter-output>
        </test-method> <!-- verifyScheduledFlow -->
        <test-method status="PASS" signature="getResult(org.testng.ITestResult)[pri:0, instance:com.Fullload_CDC.MySqlToSql@67080771]" name="getResult" is-config="true" duration-ms="0" started-at="2020-06-23T13:21:00Z" finished-at="2020-06-23T13:21:00Z">
          <params>
            <param index="0">
              <value>
                <![CDATA[[TestResult name=verifyAddDataFlow status=SUCCESS method=MySqlToSql.verifyAddDataFlow()[pri:3, instance:com.Fullload_CDC.MySqlToSql@67080771] output={null}]]]>
              </value>
            </param>
          </params>
          <reporter-output>
          </reporter-output>
        </test-method> <!-- getResult -->
        <test-method status="PASS" signature="getResult(org.testng.ITestResult)[pri:0, instance:com.Fullload_CDC.MySqlToSql@67080771]" name="getResult" is-config="true" duration-ms="0" started-at="2020-06-23T13:21:18Z" finished-at="2020-06-23T13:21:18Z">
          <params>
            <param index="0">
              <value>
                <![CDATA[[TestResult name=verifyScheduledFlow status=SUCCESS method=MySqlToSql.verifyScheduledFlow()[pri:4, instance:com.Fullload_CDC.MySqlToSql@67080771] output={null}]]]>
              </value>
            </param>
          </params>
          <reporter-output>
          </reporter-output>
        </test-method> <!-- getResult -->
        <test-method status="PASS" signature="verifyFlowOnMontioringScreen()[pri:5, instance:com.Fullload_CDC.MySqlToSql@67080771]" name="verifyFlowOnMontioringScreen" duration-ms="117850" started-at="2020-06-23T13:21:18Z" depends-on-methods="com.Fullload_CDC.MySqlToSql.verifyScheduledFlow" finished-at="2020-06-23T13:23:16Z">
          <reporter-output>
          </reporter-output>
        </test-method> <!-- verifyFlowOnMontioringScreen -->
        <test-method status="PASS" signature="getResult(org.testng.ITestResult)[pri:0, instance:com.Fullload_CDC.MySqlToSql@67080771]" name="getResult" is-config="true" duration-ms="0" started-at="2020-06-23T13:23:16Z" finished-at="2020-06-23T13:23:16Z">
          <params>
            <param index="0">
              <value>
                <![CDATA[[TestResult name=verifyFlowOnMontioringScreen status=SUCCESS method=MySqlToSql.verifyFlowOnMontioringScreen()[pri:5, instance:com.Fullload_CDC.MySqlToSql@67080771] output={null}]]]>
              </value>
            </param>
          </params>
          <reporter-output>
          </reporter-output>
        </test-method> <!-- getResult -->
      </class> <!-- com.Fullload_CDC.MySqlToSql -->
    </test> <!-- CloudBlaze Tests -->
  </suite> <!-- CloudBlaze Automation -->
</testng-results>
